<?xml version="1.0" encoding="UTF-8"?>
<coverage generated="1597407244206" clover="3.2.0">
  <project timestamp="1597407244206" name="All files">
    <metrics statements="27" coveredstatements="27" conditionals="11" coveredconditionals="11" methods="6" coveredmethods="6" elements="44" coveredelements="44" complexity="0" loc="27" ncloc="27" packages="1" files="1" classes="1"/>
    <file name="index.ts" path="/home/rfmajo/Projects/trm-api/src/index.ts">
      <metrics statements="27" coveredstatements="27" conditionals="11" coveredconditionals="11" methods="6" coveredmethods="6"/>
      <line num="1" count="1" type="stmt"/>
      <line num="10" count="1" type="stmt"/>
      <line num="11" count="7" type="stmt"/>
      <line num="15" count="13" type="cond" truecount="2" falsecount="0"/>
      <line num="16" count="7" type="stmt"/>
      <line num="21" count="1" type="stmt"/>
      <line num="22" count="1" type="stmt"/>
      <line num="26" count="1" type="stmt"/>
      <line num="30" count="1" type="stmt"/>
      <line num="33" count="1" type="stmt"/>
      <line num="34" count="4" type="stmt"/>
      <line num="35" count="4" type="stmt"/>
      <line num="36" count="4" type="cond" truecount="2" falsecount="0"/>
      <line num="42" count="4" type="stmt"/>
      <line num="47" count="4" type="stmt"/>
      <line num="51" count="4" type="stmt"/>
      <line num="54" count="2" type="stmt"/>
      <line num="55" count="2" type="cond" truecount="2" falsecount="0"/>
      <line num="56" count="2" type="cond" truecount="2" falsecount="0"/>
      <line num="61" count="2" type="stmt"/>
      <line num="66" count="2" type="stmt"/>
      <line num="70" count="2" type="stmt"/>
      <line num="73" count="1" type="stmt"/>
      <line num="74" count="2" type="cond" truecount="1" falsecount="0"/>
      <line num="75" count="2" type="stmt"/>
      <line num="77" count="1" type="stmt"/>
      <line num="79" count="1" type="stmt"/>
    </file>
  </project>
</coverage>
