{"/home/rfmajo/Projects/trm-api/src/index.ts": {"path":"/home/rfmajo/Projects/trm-api/src/index.ts","statementMap":{"0":{"start":{"line":1,"column":0},"end":{"line":1,"column":26}},"1":{"start":{"line":10,"column":0},"end":{"line":10,"column":null}},"2":{"start":{"line":15,"column":22},"end":{"line":15,"column":null}},"3":{"start":{"line":15,"column":22},"end":{"line":15,"column":43}},"4":{"start":{"line":11,"column":10},"end":{"line":11,"column":73}},"5":{"start":{"line":16,"column":4},"end":{"line":18,"column":6}},"6":{"start":{"line":21,"column":8},"end":{"line":31,"column":null}},"7":{"start":{"line":22,"column":10},"end":{"line":25,"column":7}},"8":{"start":{"line":26,"column":21},"end":{"line":29,"column":null}},"9":{"start":{"line":26,"column":12},"end":{"line":26,"column":21}},"10":{"start":{"line":30,"column":4},"end":{"line":30,"column":19}},"11":{"start":{"line":33,"column":8},"end":{"line":52,"column":null}},"12":{"start":{"line":34,"column":11},"end":{"line":34,"column":null}},"13":{"start":{"line":35,"column":9},"end":{"line":35,"column":null}},"14":{"start":{"line":36,"column":4},"end":{"line":36,"column":9}},"15":{"start":{"line":36,"column":9},"end":{"line":36,"column":null}},"16":{"start":{"line":42,"column":10},"end":{"line":45,"column":7}},"17":{"start":{"line":47,"column":21},"end":{"line":50,"column":null}},"18":{"start":{"line":47,"column":12},"end":{"line":47,"column":21}},"19":{"start":{"line":51,"column":4},"end":{"line":51,"column":16}},"20":{"start":{"line":54,"column":8},"end":{"line":71,"column":null}},"21":{"start":{"line":54,"column":16},"end":{"line":60,"column":null}},"22":{"start":{"line":55,"column":4},"end":{"line":55,"column":9}},"23":{"start":{"line":55,"column":9},"end":{"line":55,"column":null}},"24":{"start":{"line":56,"column":4},"end":{"line":56,"column":9}},"25":{"start":{"line":56,"column":9},"end":{"line":56,"column":null}},"26":{"start":{"line":61,"column":10},"end":{"line":64,"column":7}},"27":{"start":{"line":66,"column":21},"end":{"line":69,"column":null}},"28":{"start":{"line":66,"column":12},"end":{"line":66,"column":21}},"29":{"start":{"line":70,"column":4},"end":{"line":70,"column":16}},"30":{"start":{"line":73,"column":8},"end":{"line":76,"column":null}},"31":{"start":{"line":74,"column":17},"end":{"line":74,"column":null}},"32":{"start":{"line":74,"column":10},"end":{"line":74,"column":null}},"33":{"start":{"line":75,"column":4},"end":{"line":75,"column":19}},"34":{"start":{"line":77,"column":0},"end":{"line":77,"column":null}},"35":{"start":{"line":79,"column":0},"end":{"line":79,"column":22}}},"fnMap":{"0":{"name":"(anonymous_14)","decl":{"start":{"line":10,"column":0},"end":{"line":10,"column":null}},"loc":{"start":{"line":10,"column":0},"end":{"line":77,"column":null}}},"1":{"name":"TrmApi","decl":{"start":{"line":15,"column":2},"end":{"line":15,"column":22}},"loc":{"start":{"line":15,"column":43},"end":{"line":19,"column":3}}},"2":{"name":"(anonymous_16)","decl":{"start":{"line":21,"column":2},"end":{"line":21,"column":8}},"loc":{"start":{"line":21,"column":2},"end":{"line":31,"column":null}}},"3":{"name":"(anonymous_19)","decl":{"start":{"line":33,"column":2},"end":{"line":33,"column":8}},"loc":{"start":{"line":41,"column":3},"end":{"line":52,"column":null}}},"4":{"name":"(anonymous_22)","decl":{"start":{"line":54,"column":2},"end":{"line":54,"column":8}},"loc":{"start":{"line":60,"column":8},"end":{"line":71,"column":null}}},"5":{"name":"(anonymous_25)","decl":{"start":{"line":73,"column":2},"end":{"line":73,"column":8}},"loc":{"start":{"line":73,"column":25},"end":{"line":76,"column":null}}}},"branchMap":{"0":{"loc":{"start":{"line":15,"column":22},"end":{"line":15,"column":null}},"type":"if","locations":[{"start":{"line":15,"column":22},"end":{"line":15,"column":null}},{"start":{"line":15,"column":22},"end":{"line":15,"column":null}}]},"1":{"loc":{"start":{"line":36,"column":12},"end":{"line":36,"column":17}},"type":"cond-expr","locations":[{"start":{"line":36,"column":12},"end":{"line":36,"column":17}},{"start":{"line":36,"column":17},"end":{"line":36,"column":null}}]},"2":{"loc":{"start":{"line":60,"column":6},"end":{"line":60,"column":8}},"type":"cond-expr","locations":[{"start":{"line":60,"column":6},"end":{"line":60,"column":8}},{"start":{"line":60,"column":8},"end":{"line":60,"column":null}}]},"3":{"loc":{"start":{"line":55,"column":12},"end":{"line":55,"column":16}},"type":"cond-expr","locations":[{"start":{"line":55,"column":12},"end":{"line":55,"column":16}},{"start":{"line":55,"column":16},"end":{"line":55,"column":null}}]},"4":{"loc":{"start":{"line":56,"column":12},"end":{"line":56,"column":17}},"type":"cond-expr","locations":[{"start":{"line":56,"column":12},"end":{"line":56,"column":17}},{"start":{"line":56,"column":17},"end":{"line":56,"column":null}}]},"5":{"loc":{"start":{"line":74,"column":17},"end":{"line":74,"column":null}},"type":"switch","locations":[{"start":{"line":74,"column":17},"end":{"line":74,"column":null}}]}},"s":{"0":1,"1":1,"2":13,"3":7,"4":7,"5":7,"6":1,"7":1,"8":1,"9":1,"10":1,"11":1,"12":4,"13":4,"14":4,"15":4,"16":4,"17":4,"18":4,"19":4,"20":1,"21":2,"22":2,"23":2,"24":2,"25":2,"26":2,"27":2,"28":2,"29":2,"30":1,"31":2,"32":2,"33":2,"34":1,"35":1},"f":{"0":1,"1":7,"2":1,"3":4,"4":2,"5":2},"b":{"0":[6,1],"1":[3,1],"2":[1,1],"3":[1,1],"4":[1,1],"5":[2]}}
}
