{"/home/rfmajo/Projects/trm-api/src/index.ts": {"path":"/home/rfmajo/Projects/trm-api/src/index.ts","statementMap":{"0":{"start":{"line":1,"column":0},"end":{"line":1,"column":26}},"1":{"start":{"line":10,"column":0},"end":{"line":10,"column":null}},"2":{"start":{"line":15,"column":22},"end":{"line":15,"column":null}},"3":{"start":{"line":15,"column":22},"end":{"line":15,"column":43}},"4":{"start":{"line":11,"column":10},"end":{"line":11,"column":68}},"5":{"start":{"line":16,"column":4},"end":{"line":18,"column":6}},"6":{"start":{"line":21,"column":8},"end":{"line":27,"column":null}},"7":{"start":{"line":22,"column":21},"end":{"line":25,"column":null}},"8":{"start":{"line":22,"column":12},"end":{"line":22,"column":21}},"9":{"start":{"line":26,"column":4},"end":{"line":26,"column":19}},"10":{"start":{"line":29,"column":8},"end":{"line":48,"column":null}},"11":{"start":{"line":30,"column":11},"end":{"line":30,"column":null}},"12":{"start":{"line":31,"column":9},"end":{"line":31,"column":null}},"13":{"start":{"line":32,"column":4},"end":{"line":32,"column":9}},"14":{"start":{"line":32,"column":9},"end":{"line":32,"column":null}},"15":{"start":{"line":38,"column":10},"end":{"line":41,"column":7}},"16":{"start":{"line":43,"column":21},"end":{"line":46,"column":null}},"17":{"start":{"line":43,"column":12},"end":{"line":43,"column":21}},"18":{"start":{"line":47,"column":4},"end":{"line":47,"column":16}},"19":{"start":{"line":50,"column":8},"end":{"line":67,"column":null}},"20":{"start":{"line":50,"column":16},"end":{"line":56,"column":null}},"21":{"start":{"line":51,"column":4},"end":{"line":51,"column":9}},"22":{"start":{"line":51,"column":9},"end":{"line":51,"column":null}},"23":{"start":{"line":52,"column":4},"end":{"line":52,"column":9}},"24":{"start":{"line":52,"column":9},"end":{"line":52,"column":null}},"25":{"start":{"line":57,"column":10},"end":{"line":60,"column":7}},"26":{"start":{"line":62,"column":21},"end":{"line":65,"column":null}},"27":{"start":{"line":62,"column":12},"end":{"line":62,"column":21}},"28":{"start":{"line":66,"column":4},"end":{"line":66,"column":16}},"29":{"start":{"line":69,"column":8},"end":{"line":72,"column":null}},"30":{"start":{"line":70,"column":17},"end":{"line":70,"column":null}},"31":{"start":{"line":70,"column":10},"end":{"line":70,"column":null}},"32":{"start":{"line":71,"column":4},"end":{"line":71,"column":19}},"33":{"start":{"line":73,"column":0},"end":{"line":73,"column":null}},"34":{"start":{"line":75,"column":0},"end":{"line":75,"column":22}}},"fnMap":{"0":{"name":"(anonymous_14)","decl":{"start":{"line":10,"column":0},"end":{"line":10,"column":null}},"loc":{"start":{"line":10,"column":0},"end":{"line":73,"column":null}}},"1":{"name":"TrmApi","decl":{"start":{"line":15,"column":2},"end":{"line":15,"column":22}},"loc":{"start":{"line":15,"column":43},"end":{"line":19,"column":3}}},"2":{"name":"(anonymous_16)","decl":{"start":{"line":21,"column":2},"end":{"line":21,"column":8}},"loc":{"start":{"line":21,"column":2},"end":{"line":27,"column":null}}},"3":{"name":"(anonymous_19)","decl":{"start":{"line":29,"column":2},"end":{"line":29,"column":8}},"loc":{"start":{"line":37,"column":3},"end":{"line":48,"column":null}}},"4":{"name":"(anonymous_22)","decl":{"start":{"line":50,"column":2},"end":{"line":50,"column":8}},"loc":{"start":{"line":56,"column":8},"end":{"line":67,"column":null}}},"5":{"name":"(anonymous_25)","decl":{"start":{"line":69,"column":2},"end":{"line":69,"column":8}},"loc":{"start":{"line":69,"column":25},"end":{"line":72,"column":null}}}},"branchMap":{"0":{"loc":{"start":{"line":15,"column":22},"end":{"line":15,"column":null}},"type":"if","locations":[{"start":{"line":15,"column":22},"end":{"line":15,"column":null}},{"start":{"line":15,"column":22},"end":{"line":15,"column":null}}]},"1":{"loc":{"start":{"line":22,"column":21},"end":{"line":25,"column":null}},"type":"switch","locations":[{"start":{"line":22,"column":21},"end":{"line":25,"column":null}}]},"2":{"loc":{"start":{"line":32,"column":12},"end":{"line":32,"column":17}},"type":"cond-expr","locations":[{"start":{"line":32,"column":12},"end":{"line":32,"column":17}},{"start":{"line":32,"column":17},"end":{"line":32,"column":null}}]},"3":{"loc":{"start":{"line":56,"column":6},"end":{"line":56,"column":8}},"type":"cond-expr","locations":[{"start":{"line":56,"column":6},"end":{"line":56,"column":8}},{"start":{"line":56,"column":8},"end":{"line":56,"column":null}}]},"4":{"loc":{"start":{"line":51,"column":12},"end":{"line":51,"column":16}},"type":"cond-expr","locations":[{"start":{"line":51,"column":12},"end":{"line":51,"column":16}},{"start":{"line":51,"column":16},"end":{"line":51,"column":null}}]},"5":{"loc":{"start":{"line":52,"column":12},"end":{"line":52,"column":17}},"type":"cond-expr","locations":[{"start":{"line":52,"column":12},"end":{"line":52,"column":17}},{"start":{"line":52,"column":17},"end":{"line":52,"column":null}}]},"6":{"loc":{"start":{"line":70,"column":17},"end":{"line":70,"column":null}},"type":"switch","locations":[{"start":{"line":70,"column":17},"end":{"line":70,"column":null}}]}},"s":{"0":1,"1":1,"2":2,"3":1,"4":1,"5":1,"6":1,"7":0,"8":0,"9":0,"10":1,"11":0,"12":0,"13":0,"14":0,"15":0,"16":0,"17":0,"18":0,"19":1,"20":0,"21":0,"22":0,"23":0,"24":0,"25":0,"26":0,"27":0,"28":0,"29":1,"30":0,"31":0,"32":0,"33":1,"34":1},"f":{"0":1,"1":1,"2":0,"3":0,"4":0,"5":0},"b":{"0":[1,0],"1":[0],"2":[0,0],"3":[0,0],"4":[0,0],"5":[0,0],"6":[0]}}
,"/home/rfmajo/Projects/trm-api/src/bin/index.ts": {"path":"/home/rfmajo/Projects/trm-api/src/bin/index.ts","statementMap":{"0":{"start":{"line":5,"column":0},"end":{"line":5,"column":30}},"1":{"start":{"line":7,"column":15},"end":{"line":7,"column":27}},"2":{"start":{"line":10,"column":2},"end":{"line":22,"column":null}},"3":{"start":{"line":13,"column":4},"end":{"line":13,"column":76}},"4":{"start":{"line":14,"column":9},"end":{"line":22,"column":null}},"5":{"start":{"line":18,"column":4},"end":{"line":18,"column":31}},"6":{"start":{"line":21,"column":4},"end":{"line":21,"column":40}},"7":{"start":{"line":25,"column":0},"end":{"line":35,"column":null}},"8":{"start":{"line":26,"column":2},"end":{"line":29,"column":25}},"9":{"start":{"line":28,"column":18},"end":{"line":28,"column":20}},"10":{"start":{"line":28,"column":25},"end":{"line":28,"column":44}},"11":{"start":{"line":31,"column":2},"end":{"line":34,"column":25}},"12":{"start":{"line":33,"column":18},"end":{"line":33,"column":20}},"13":{"start":{"line":33,"column":25},"end":{"line":33,"column":44}}},"fnMap":{"0":{"name":"errorHandler","decl":{"start":{"line":9,"column":9},"end":{"line":9,"column":21}},"loc":{"start":{"line":9,"column":39},"end":{"line":23,"column":1}}},"1":{"name":"(anonymous_2)","decl":{"start":{"line":28,"column":10},"end":{"line":28,"column":11}},"loc":{"start":{"line":28,"column":20},"end":{"line":28,"column":32}}},"2":{"name":"(anonymous_3)","decl":{"start":{"line":33,"column":10},"end":{"line":33,"column":11}},"loc":{"start":{"line":33,"column":20},"end":{"line":33,"column":32}}}},"branchMap":{"0":{"loc":{"start":{"line":10,"column":2},"end":{"line":22,"column":null}},"type":"if","locations":[{"start":{"line":10,"column":2},"end":{"line":22,"column":null}},{"start":{"line":10,"column":2},"end":{"line":22,"column":null}}]},"1":{"loc":{"start":{"line":14,"column":9},"end":{"line":22,"column":null}},"type":"if","locations":[{"start":{"line":14,"column":9},"end":{"line":22,"column":null}},{"start":{"line":14,"column":9},"end":{"line":22,"column":null}}]},"2":{"loc":{"start":{"line":25,"column":0},"end":{"line":35,"column":null}},"type":"if","locations":[{"start":{"line":25,"column":0},"end":{"line":35,"column":null}},{"start":{"line":25,"column":0},"end":{"line":35,"column":null}}]}},"s":{"0":0,"1":0,"2":0,"3":0,"4":0,"5":0,"6":0,"7":0,"8":0,"9":0,"10":0,"11":0,"12":0,"13":0},"f":{"0":0,"1":0,"2":0},"b":{"0":[0,0],"1":[0,0],"2":[0,0]}}
}
