TN:
SF:src/index.ts
FN:10,(anonymous_14)
FN:15,TrmApi
FN:21,(anonymous_16)
FN:33,(anonymous_19)
FN:54,(anonymous_22)
FN:73,(anonymous_25)
FNF:6
FNH:6
FNDA:1,(anonymous_14)
FNDA:7,TrmApi
FNDA:1,(anonymous_16)
FNDA:4,(anonymous_19)
FNDA:2,(anonymous_22)
FNDA:2,(anonymous_25)
DA:1,1
DA:10,1
DA:11,7
DA:15,13
DA:16,7
DA:21,1
DA:22,1
DA:26,1
DA:30,1
DA:33,1
DA:34,4
DA:35,4
DA:36,4
DA:42,4
DA:47,4
DA:51,4
DA:54,2
DA:55,2
DA:56,2
DA:61,2
DA:66,2
DA:70,2
DA:73,1
DA:74,2
DA:75,2
DA:77,1
DA:79,1
LF:27
LH:27
BRDA:15,0,0,6
BRDA:15,0,1,1
BRDA:36,1,0,3
BRDA:36,1,1,1
BRDA:60,2,0,1
BRDA:60,2,1,1
BRDA:55,3,0,1
BRDA:55,3,1,1
BRDA:56,4,0,1
BRDA:56,4,1,1
BRDA:74,5,0,2
BRF:11
BRH:11
end_of_record
