TN:
SF:src/index.ts
FN:10,(anonymous_14)
FN:15,TrmApi
FN:21,(anonymous_16)
FN:29,(anonymous_19)
FN:50,(anonymous_22)
FN:69,(anonymous_25)
FNF:6
FNH:2
FNDA:1,(anonymous_14)
FNDA:1,TrmApi
FNDA:0,(anonymous_16)
FNDA:0,(anonymous_19)
FNDA:0,(anonymous_22)
FNDA:0,(anonymous_25)
DA:1,1
DA:10,1
DA:11,1
DA:15,2
DA:16,1
DA:21,1
DA:22,0
DA:26,0
DA:29,1
DA:30,0
DA:31,0
DA:32,0
DA:38,0
DA:43,0
DA:47,0
DA:50,1
DA:51,0
DA:52,0
DA:57,0
DA:62,0
DA:66,0
DA:69,1
DA:70,0
DA:71,0
DA:73,1
DA:75,1
LF:26
LH:11
BRDA:15,0,0,1
BRDA:15,0,1,0
BRDA:22,1,0,0
BRDA:32,2,0,0
BRDA:32,2,1,0
BRDA:56,3,0,0
BRDA:56,3,1,0
BRDA:51,4,0,0
BRDA:51,4,1,0
BRDA:52,5,0,0
BRDA:52,5,1,0
BRDA:70,6,0,0
BRF:12
BRH:1
end_of_record
TN:
SF:src/bin/index.ts
FN:9,errorHandler
FN:28,(anonymous_2)
FN:33,(anonymous_3)
FNF:3
FNH:0
FNDA:0,errorHandler
FNDA:0,(anonymous_2)
FNDA:0,(anonymous_3)
DA:5,0
DA:7,0
DA:10,0
DA:13,0
DA:14,0
DA:18,0
DA:21,0
DA:25,0
DA:26,0
DA:28,0
DA:31,0
DA:33,0
LF:12
LH:0
BRDA:10,0,0,0
BRDA:10,0,1,0
BRDA:14,1,0,0
BRDA:14,1,1,0
BRDA:25,2,0,0
BRDA:25,2,1,0
BRF:6
BRH:0
end_of_record
